#
# A fatal error has been detected by the Java Runtime Environment:
#
#  EXCEPTION_ACCESS_VIOLATION (0xc0000005) at pc=0x00000000764909bb, pid=7212, tid=0x00000000000053e4
#
# JRE version: Java(TM) SE Runtime Environment (8.0_333-b02) (build 1.8.0_333-b02)
# Java VM: Java HotSpot(TM) 64-Bit Server VM (25.333-b02 mixed mode windows-amd64 compressed oops)
# Problematic frame:
# C  0x00000000764909bb
#
# Failed to write core dump. Minidumps are not enabled by default on client versions of Windows
#
# If you would like to submit a bug report, please visit:
#   http://bugreport.java.com/bugreport/crash.jsp
#

---------------  T H R E A D  ---------------

Current thread (0x00000220cf6ee800):  VMThread [stack: 0x000000c2159c0000,0x000000c215bb0000] [id=21476]

siginfo: ExceptionCode=0xc0000005, reading address 0x000000c2170fecc0

Registers:
RAX=0x000000c2170fecc8, RBX=0x000000c215baecd0, RCX=0x000002210001a002, RDX=0x00000221000057a0
RSP=0x000000c215baec70, RBP=0x000000c215baf910, RSI=0x000000c215baed30, RDI=0x000000c215baed00
R8 =0x000000c215baed30, R9 =0x0000022100000000, R10=0x00000220cf70d80a, R11=0xfffffffff1dee626
R12=0x000000007694a3e0, R13=0x0000000000000000, R14=0x00000220cf6ee800, R15=0x0000000000000000
RIP=0x00000000764909bb, EFLAGS=0x0000000000010202

Top of Stack: (sp=0x000000c215baec70)
0x000000c215baec70:   000000c2170fec50 00000000763c5b2f
0x000000c215baec80:   0000022100005750 00007ffb00000000
0x000000c215baec90:   0000000076938500 0000000000000000
0x000000c215baeca0:   00000220cfb4a000 00000000763fc874
0x000000c215baecb0:   000000c215baf910 00000220cf6ee800
0x000000c215baecc0:   0000000000000000 0000000000000012
0x000000c215baecd0:   0000000000000000 00000000762774f1
0x000000c215baece0:   00000220d5bb3e40 00000000762b562b
0x000000c215baecf0:   00000220de3c0000 000000007643f4e6
0x000000c215baed00:   000000c2170fec50 000002210001a002
0x000000c215baed10:   0000022100005750 00007ffb00000000
0x000000c215baed20:   000000c2170fecc8 000000c2170fec50
0x000000c215baed30:   00000000000c0000 0000000000092f10
0x000000c215baed40:   0000000040000000 0000000000000000
0x000000c215baed50:   0000000000000000 0000000000000000
0x000000c215baed60:   0000000000000000 0000000000000000 

Instructions: (pc=0x00000000764909bb)
0x000000007649099b:   3b d1 0f 87 84 00 00 00 48 63 40 14 48 03 c2 48
0x00000000764909ab:   3b c8 73 78 41 80 b8 b0 05 00 00 00 48 8b 47 20
0x00000000764909bb:   4c 8b 70 f8 48 8d 68 10 74 0f 48 8b d0 48 8b ce
0x00000000764909cb:   e8 20 01 00 00 48 8b 47 20 48 8b 48 08 48 8b 00 


Register to memory mapping:

RAX=0x000000c2170fecc8 is pointing into the stack for thread: 0x00000220cfb4a000
RBX=0x000000c215baecd0 is an unknown value
RCX=0x000002210001a002 is at code_begin+962 in an Interpreter codelet
method entry point (kind = native)  [0x0000022100019c40, 0x000002210001a6e0]  2720 bytes
RDX=0x00000221000057a0 is pointing into interpreter code (not bytecode specific)
RSP=0x000000c215baec70 is an unknown value
RBP=0x000000c215baf910 is an unknown value
RSI=0x000000c215baed30 is an unknown value
RDI=0x000000c215baed00 is an unknown value
R8 =0x000000c215baed30 is an unknown value
R9 =0x0000022100000000 is an unknown value
R10=0x00000220cf70d80a is an unknown value
R11=0xfffffffff1dee626 is an unknown value
R12=0x000000007694a3e0 is an unknown value
R13=0x0000000000000000 is an unknown value
R14=0x00000220cf6ee800 is an unknown value
R15=0x0000000000000000 is an unknown value


Stack: [0x000000c2159c0000,0x000000c215bb0000],  sp=0x000000c215baec70,  free space=1979k
Native frames: (J=compiled Java code, j=interpreted, Vv=VM code, C=native code)
C  0x00000000764909bb
C  0x00000000763fc874
C  0x00000000763f3354
C  0x00000000763e23b2
C